<?xml version="1.0" encoding="UTF-8"?>
<!-- Generated by org.testng.reporters.JUnitReportReporter -->
<testsuite skipped="0" hostname="DESKTOP-U3FH6HC" name="org.parallel.Pa" tests="3" failures="0" timestamp="15 Jan 2022 20:00:43 GMT" time="230.419" errors="0">
  <testcase name="tc3" time="123.089" classname="org.parallel.Pa"/>
  <testcase name="tc1" time="34.766" classname="org.parallel.Pa"/>
  <testcase name="tc2" time="72.564" classname="org.parallel.Pa"/>
</testsuite> <!-- org.parallel.Pa -->
