<?xml version="1.0" encoding="UTF-8"?>
<!-- Generated by org.testng.reporters.JUnitReportReporter -->
<testsuite skipped="0" hostname="DESKTOP-U3FH6HC" name="org.parallel.Paa" tests="3" failures="0" timestamp="15 Jan 2022 20:00:44 GMT" time="230.128" errors="0">
  <testcase name="tc31" time="122.950" classname="org.parallel.Paa"/>
  <testcase name="tc22" time="73.301" classname="org.parallel.Paa"/>
  <testcase name="tc11" time="33.877" classname="org.parallel.Paa"/>
</testsuite> <!-- org.parallel.Paa -->
