<?xml version="1.0" encoding="UTF-8"?>
<!-- Generated by org.testng.reporters.JUnitReportReporter -->
<testsuite skipped="0" hostname="DESKTOP-U3FH6HC" name="org.group.TestNGgrouping" tests="1" failures="0" timestamp="15 Jan 2022 18:22:11 GMT" time="0.038" errors="0">
  <testcase name="tc3" time="0.038" classname="org.group.TestNGgrouping"/>
</testsuite> <!-- org.group.TestNGgrouping -->
