<?xml version="1.0" encoding="UTF-8"?>
<!-- Generated by org.testng.reporters.JUnitReportReporter -->
<testsuite skipped="0" hostname="DESKTOP-U3FH6HC" name="org.codes.A" tests="3" failures="0" timestamp="15 Jan 2022 14:51:32 GMT" time="0.175" errors="0">
  <testcase name="t1" time="0.164" classname="org.codes.A"/>
  <testcase name="t11" time="0.008" classname="org.codes.A"/>
  <testcase name="ta1" time="0.003" classname="org.codes.A"/>
</testsuite> <!-- org.codes.A -->
