<?xml version="1.0" encoding="UTF-8"?>
<!-- Generated by org.testng.reporters.JUnitReportReporter -->
<testsuite skipped="0" hostname="DESKTOP-U3FH6HC" name="org.para.Parameter" tests="1" failures="0" timestamp="15 Jan 2022 15:46:30 GMT" time="0.988" errors="0">
  <testcase name="tc1" time="0.988" classname="org.para.Parameter"/>
</testsuite> <!-- org.para.Parameter -->
