<?xml version="1.0" encoding="UTF-8"?>
<!-- Generated by org.testng.reporters.JUnitReportReporter -->
<testsuite skipped="0" hostname="DESKTOP-U3FH6HC" name="org.codes.C" tests="3" failures="0" timestamp="15 Jan 2022 14:51:32 GMT" time="0.030" errors="0">
  <testcase name="t33" time="0.022" classname="org.codes.C"/>
  <testcase name="t3" time="0.004" classname="org.codes.C"/>
  <testcase name="tc1" time="0.004" classname="org.codes.C"/>
</testsuite> <!-- org.codes.C -->
